<?xml version="1.0" encoding="UTF-8"?>
<!-- Generated by org.testng.reporters.JUnitReportReporter -->
<testsuite hostname="PF1DS0ZD" name="Empirix1_Project.Empirix1_Project.AppTest" tests="3" failures="0" timestamp="23 Apr 2020 08:18:36 GMT" time="6.235" errors="0">
  <testcase name="TC01" time="2.494" classname="Empirix1_Project.Empirix1_Project.AppTest"/>
  <testcase name="TC01" time="1.461" classname="Empirix1_Project.Empirix1_Project.AppTest"/>
  <testcase name="TC01" time="2.280" classname="Empirix1_Project.Empirix1_Project.AppTest"/>
</testsuite> <!-- Empirix1_Project.Empirix1_Project.AppTest -->
