<?xml version="1.0" encoding="UTF-8"?>
<!-- Generated by org.testng.reporters.JUnitReportReporter -->
<testsuite hostname="PF1DS0ZD" name="Empirix1_Project.Empirix1_Project.AppTest" tests="1" failures="0" timestamp="22 Apr 2020 11:48:02 GMT" time="1.903" errors="0">
  <testcase name="testEasy" time="1.903" classname="Empirix1_Project.Empirix1_Project.AppTest"/>
</testsuite> <!-- Empirix1_Project.Empirix1_Project.AppTest -->
